<?xml version="1.0" encoding="UTF-8"?>
<!-- Generated by org.testng.reporters.JUnitXMLReporter -->
<testsuite hostname="pc-PC" ignored="0" name="test" tests="4" failures="0" timestamp="24 Aug 2018 20:07:04 GMT" time="10.551" errors="0">
  <testcase name="loginfunctionality" time="0.017" classname="com.flipkart.qa.testcases.LaunchGoogle"/>
  <testcase name="funca" time="0.0" classname="com.flipkart.qa.testcases.TestSequence"/>
  <testcase name="funcb" time="0.002" classname="com.flipkart.qa.testcases.TestSequence"/>
  <testcase name="funcc" time="0.0" classname="com.flipkart.qa.testcases.TestSequence"/>
</testsuite> <!-- test -->
