<?xml version="1.0" encoding="UTF-8"?>
<testng-results skipped="0" failed="0" ignored="0" total="4" passed="4">
  <reporter-output>
  </reporter-output>
  <suite name="Suite" duration-ms="10551" started-at="2018-08-24T20:06:53Z" finished-at="2018-08-24T20:07:04Z">
    <groups>
    </groups>
    <test name="test" duration-ms="10551" started-at="2018-08-24T20:06:53Z" finished-at="2018-08-24T20:07:04Z">
      <class name="com.flipkart.qa.testcases.LaunchGoogle">
        <test-method status="PASS" signature="setUp(java.lang.reflect.Method)[pri:0, instance:com.flipkart.qa.testcases.LaunchGoogle@578486a3]" name="setUp" is-config="true" duration-ms="9479" started-at="2018-08-25T01:36:53Z" finished-at="2018-08-25T01:37:02Z">
          <params>
            <param index="0">
              <value>
                <![CDATA[public void com.flipkart.qa.testcases.LaunchGoogle.loginfunctionality()]]>
              </value>
            </param>
          </params>
          <reporter-output>
          </reporter-output>
        </test-method> <!-- setUp -->
        <test-method status="PASS" signature="loginfunctionality()[pri:0, instance:com.flipkart.qa.testcases.LaunchGoogle@578486a3]" name="loginfunctionality" duration-ms="17" started-at="2018-08-25T01:37:02Z" finished-at="2018-08-25T01:37:03Z">
          <reporter-output>
          </reporter-output>
        </test-method> <!-- loginfunctionality -->
        <test-method status="PASS" signature="tearDown(org.testng.ITestResult)[pri:0, instance:com.flipkart.qa.testcases.LaunchGoogle@578486a3]" name="tearDown" is-config="true" duration-ms="663" started-at="2018-08-25T01:37:03Z" finished-at="2018-08-25T01:37:03Z">
          <params>
            <param index="0">
              <value>
                <![CDATA[[TestResult name=loginfunctionality status=SUCCESS method=LaunchGoogle.loginfunctionality()[pri:0, instance:com.flipkart.qa.testcases.LaunchGoogle@578486a3] output={null}]]]>
              </value>
            </param>
          </params>
          <reporter-output>
          </reporter-output>
        </test-method> <!-- tearDown -->
        <test-method status="PASS" signature="endTest()[pri:0, instance:com.flipkart.qa.testcases.LaunchGoogle@578486a3]" name="endTest" is-config="true" duration-ms="362" started-at="2018-08-25T01:37:03Z" finished-at="2018-08-25T01:37:04Z">
          <reporter-output>
          </reporter-output>
        </test-method> <!-- endTest -->
      </class> <!-- com.flipkart.qa.testcases.LaunchGoogle -->
      <class name="com.flipkart.qa.testcases.TestSequence">
        <test-method status="PASS" signature="funca()[pri:0, instance:com.flipkart.qa.testcases.TestSequence@551aa95a]" name="funca" duration-ms="0" started-at="2018-08-25T01:37:04Z" finished-at="2018-08-25T01:37:04Z">
          <reporter-output>
          </reporter-output>
        </test-method> <!-- funca -->
        <test-method status="PASS" signature="funcb()[pri:0, instance:com.flipkart.qa.testcases.TestSequence@551aa95a]" name="funcb" duration-ms="2" started-at="2018-08-25T01:37:04Z" finished-at="2018-08-25T01:37:04Z">
          <reporter-output>
          </reporter-output>
        </test-method> <!-- funcb -->
        <test-method status="PASS" signature="funcc()[pri:0, instance:com.flipkart.qa.testcases.TestSequence@551aa95a]" name="funcc" duration-ms="0" started-at="2018-08-25T01:37:04Z" finished-at="2018-08-25T01:37:04Z">
          <reporter-output>
          </reporter-output>
        </test-method> <!-- funcc -->
      </class> <!-- com.flipkart.qa.testcases.TestSequence -->
    </test> <!-- test -->
  </suite> <!-- Suite -->
</testng-results>
