<?xml version="1.0" encoding="UTF-8"?>
<testng-results skipped="0" failed="0" ignored="0" total="1" passed="1">
  <reporter-output>
  </reporter-output>
  <suite name="Default suite" duration-ms="9708" started-at="2018-08-24T18:42:27Z" finished-at="2018-08-24T18:42:37Z">
    <groups>
    </groups>
    <test name="Default test" duration-ms="9708" started-at="2018-08-24T18:42:27Z" finished-at="2018-08-24T18:42:37Z">
      <class name="com.flipkart.qa.testcases.LaunchGoogle">
        <test-method status="PASS" signature="setUp(java.lang.reflect.Method)[pri:0, instance:com.flipkart.qa.testcases.LaunchGoogle@2e3fc542]" name="setUp" is-config="true" duration-ms="8604" started-at="2018-08-24T18:42:27Z" finished-at="2018-08-24T18:42:36Z">
          <params>
            <param index="0">
              <value>
                <![CDATA[public void com.flipkart.qa.testcases.LaunchGoogle.loginfunctionality()]]>
              </value>
            </param>
          </params>
          <reporter-output>
          </reporter-output>
        </test-method> <!-- setUp -->
        <test-method status="PASS" signature="loginfunctionality()[pri:0, instance:com.flipkart.qa.testcases.LaunchGoogle@2e3fc542]" name="loginfunctionality" duration-ms="62" started-at="2018-08-24T18:42:36Z" finished-at="2018-08-24T18:42:36Z">
          <reporter-output>
          </reporter-output>
        </test-method> <!-- loginfunctionality -->
        <test-method status="PASS" signature="tearDown(org.testng.ITestResult)[pri:0, instance:com.flipkart.qa.testcases.LaunchGoogle@2e3fc542]" name="tearDown" is-config="true" duration-ms="730" started-at="2018-08-24T18:42:36Z" finished-at="2018-08-24T18:42:37Z">
          <params>
            <param index="0">
              <value>
                <![CDATA[[TestResult name=loginfunctionality status=SUCCESS method=LaunchGoogle.loginfunctionality()[pri:0, instance:com.flipkart.qa.testcases.LaunchGoogle@2e3fc542] output={null}]]]>
              </value>
            </param>
          </params>
          <reporter-output>
          </reporter-output>
        </test-method> <!-- tearDown -->
        <test-method status="PASS" signature="endTest()[pri:0, instance:com.flipkart.qa.testcases.LaunchGoogle@2e3fc542]" name="endTest" is-config="true" duration-ms="284" started-at="2018-08-24T18:42:37Z" finished-at="2018-08-24T18:42:37Z">
          <reporter-output>
          </reporter-output>
        </test-method> <!-- endTest -->
      </class> <!-- com.flipkart.qa.testcases.LaunchGoogle -->
    </test> <!-- Default test -->
  </suite> <!-- Default suite -->
</testng-results>
